<?xml version="1.0" encoding="UTF-8"?>
<!-- Generated by org.testng.reporters.JUnitReportReporter -->
<testsuite hostname="kamlesh-PC" name="pkg.SignupAction" tests="1" failures="0" timestamp="27 Aug 2016 17:26:55 GMT" time="58.524" errors="0">
  <testcase name="OpeningBrowser" time="58.524" classname="pkg.SignupAction"/>
</testsuite> <!-- pkg.SignupAction -->
