<?xml version="1.0" encoding="UTF-8"?>
<!-- Generated by org.testng.reporters.JUnitReportReporter -->
<testsuite hostname="kamlesh-PC" name="pkg.RootClass" tests="1" failures="0" timestamp="3 Sep 2016 17:19:06 GMT" time="0.031" errors="0">
  <testcase name="setup" time="0.031" classname="pkg.RootClass"/>
</testsuite> <!-- pkg.RootClass -->
